{"level":"info","message":"LocalBrand Pro server running on port 5000","service":"localbrand-pro-api","timestamp":"2025-06-30 03:09:16"}
{"level":"info","message":"Environment: production","service":"localbrand-pro-api","timestamp":"2025-06-30 03:09:16"}
{"level":"info","message":"LocalBrand Pro server running on port 5000","service":"localbrand-pro-api","timestamp":"2025-06-30 03:09:16"}
{"level":"info","message":"Environment: production","service":"localbrand-pro-api","timestamp":"2025-06-30 03:09:16"}
{"level":"info","message":"LocalBrand Pro server running on port 5000","service":"localbrand-pro-api","timestamp":"2025-06-30 03:09:16"}
{"level":"info","message":"Environment: production","service":"localbrand-pro-api","timestamp":"2025-06-30 03:09:16"}
{"level":"info","message":"LocalBrand Pro server running on port 5000","service":"localbrand-pro-api","timestamp":"2025-06-30 03:09:16"}
{"level":"info","message":"Environment: production","service":"localbrand-pro-api","timestamp":"2025-06-30 03:09:16"}
{"level":"info","message":"LocalBrand Pro server running on port 5000","service":"localbrand-pro-api","timestamp":"2025-06-30 03:09:16"}
{"level":"info","message":"Environment: production","service":"localbrand-pro-api","timestamp":"2025-06-30 03:09:16"}
{"level":"info","message":"LocalBrand Pro server running on port 5000","service":"localbrand-pro-api","timestamp":"2025-06-30 03:09:16"}
{"level":"info","message":"Environment: production","service":"localbrand-pro-api","timestamp":"2025-06-30 03:09:16"}
{"level":"info","message":"LocalBrand Pro server running on port 5000","service":"localbrand-pro-api","timestamp":"2025-06-30 03:09:16"}
{"level":"info","message":"Environment: production","service":"localbrand-pro-api","timestamp":"2025-06-30 03:09:16"}
{"level":"info","message":"LocalBrand Pro server running on port 5000","service":"localbrand-pro-api","timestamp":"2025-06-30 03:09:16"}
{"level":"info","message":"Environment: production","service":"localbrand-pro-api","timestamp":"2025-06-30 03:09:16"}
{"level":"info","message":"LocalBrand Pro server running on port 5000","service":"localbrand-pro-api","timestamp":"2025-06-30 03:09:16"}
{"level":"info","message":"Environment: production","service":"localbrand-pro-api","timestamp":"2025-06-30 03:09:16"}
{"level":"info","message":"LocalBrand Pro server running on port 5000","service":"localbrand-pro-api","timestamp":"2025-06-30 03:09:16"}
{"level":"info","message":"Environment: production","service":"localbrand-pro-api","timestamp":"2025-06-30 03:09:16"}
{"level":"info","message":"LocalBrand Pro server running on port 5000","service":"localbrand-pro-api","timestamp":"2025-06-30 03:09:16"}
{"level":"info","message":"Environment: production","service":"localbrand-pro-api","timestamp":"2025-06-30 03:09:16"}
{"level":"info","message":"LocalBrand Pro server running on port 5000","service":"localbrand-pro-api","timestamp":"2025-06-30 03:09:16"}
{"level":"info","message":"Environment: production","service":"localbrand-pro-api","timestamp":"2025-06-30 03:09:16"}
{"level":"info","message":"GET /api - ::1","service":"localbrand-pro-api","timestamp":"2025-06-30 03:11:48"}
{"level":"info","message":"GET /api/auth/test - ::1","service":"localbrand-pro-api","timestamp":"2025-06-30 03:12:31"}
{"level":"info","message":"SIGINT received, shutting down gracefully","service":"localbrand-pro-api","timestamp":"2025-06-30 03:14:49"}
{"level":"info","message":"SIGINT received, shutting down gracefully","service":"localbrand-pro-api","timestamp":"2025-06-30 03:14:49"}
{"level":"info","message":"SIGINT received, shutting down gracefully","service":"localbrand-pro-api","timestamp":"2025-06-30 03:14:49"}
{"level":"info","message":"SIGINT received, shutting down gracefully","service":"localbrand-pro-api","timestamp":"2025-06-30 03:14:49"}
{"level":"info","message":"SIGINT received, shutting down gracefully","service":"localbrand-pro-api","timestamp":"2025-06-30 03:14:49"}
{"level":"info","message":"SIGINT received, shutting down gracefully","service":"localbrand-pro-api","timestamp":"2025-06-30 03:14:49"}
{"level":"info","message":"SIGINT received, shutting down gracefully","service":"localbrand-pro-api","timestamp":"2025-06-30 03:14:49"}
{"level":"info","message":"SIGINT received, shutting down gracefully","service":"localbrand-pro-api","timestamp":"2025-06-30 03:14:49"}
{"level":"info","message":"SIGINT received, shutting down gracefully","service":"localbrand-pro-api","timestamp":"2025-06-30 03:14:49"}
{"level":"info","message":"SIGINT received, shutting down gracefully","service":"localbrand-pro-api","timestamp":"2025-06-30 03:14:49"}
{"level":"info","message":"SIGINT received, shutting down gracefully","service":"localbrand-pro-api","timestamp":"2025-06-30 03:14:49"}
{"level":"info","message":"SIGINT received, shutting down gracefully","service":"localbrand-pro-api","timestamp":"2025-06-30 03:14:49"}
{"level":"info","message":"LocalBrand Pro server running on port 5000","service":"localbrand-pro-api","timestamp":"2025-06-30 04:56:08"}
{"level":"info","message":"Environment: production","service":"localbrand-pro-api","timestamp":"2025-06-30 04:56:08"}
{"level":"info","message":"LocalBrand Pro server running on port 5000","service":"localbrand-pro-api","timestamp":"2025-06-30 04:56:08"}
{"level":"info","message":"LocalBrand Pro server running on port 5000","service":"localbrand-pro-api","timestamp":"2025-06-30 04:56:08"}
{"level":"info","message":"Environment: production","service":"localbrand-pro-api","timestamp":"2025-06-30 04:56:08"}
{"level":"info","message":"Environment: production","service":"localbrand-pro-api","timestamp":"2025-06-30 04:56:08"}
{"level":"info","message":"LocalBrand Pro server running on port 5000","service":"localbrand-pro-api","timestamp":"2025-06-30 04:56:08"}
{"level":"info","message":"LocalBrand Pro server running on port 5000","service":"localbrand-pro-api","timestamp":"2025-06-30 04:56:08"}
{"level":"info","message":"Environment: production","service":"localbrand-pro-api","timestamp":"2025-06-30 04:56:08"}
{"level":"info","message":"Environment: production","service":"localbrand-pro-api","timestamp":"2025-06-30 04:56:08"}
{"level":"info","message":"LocalBrand Pro server running on port 5000","service":"localbrand-pro-api","timestamp":"2025-06-30 04:56:08"}
{"level":"info","message":"Environment: production","service":"localbrand-pro-api","timestamp":"2025-06-30 04:56:08"}
{"level":"info","message":"LocalBrand Pro server running on port 5000","service":"localbrand-pro-api","timestamp":"2025-06-30 04:56:08"}
{"level":"info","message":"Environment: production","service":"localbrand-pro-api","timestamp":"2025-06-30 04:56:08"}
{"level":"info","message":"LocalBrand Pro server running on port 5000","service":"localbrand-pro-api","timestamp":"2025-06-30 04:56:09"}
{"level":"info","message":"Environment: production","service":"localbrand-pro-api","timestamp":"2025-06-30 04:56:09"}
{"level":"info","message":"LocalBrand Pro server running on port 5000","service":"localbrand-pro-api","timestamp":"2025-06-30 04:56:09"}
{"level":"info","message":"Environment: production","service":"localbrand-pro-api","timestamp":"2025-06-30 04:56:09"}
{"level":"info","message":"LocalBrand Pro server running on port 5000","service":"localbrand-pro-api","timestamp":"2025-06-30 04:56:09"}
{"level":"info","message":"Environment: production","service":"localbrand-pro-api","timestamp":"2025-06-30 04:56:09"}
{"level":"info","message":"LocalBrand Pro server running on port 5000","service":"localbrand-pro-api","timestamp":"2025-06-30 04:56:09"}
{"level":"info","message":"Environment: production","service":"localbrand-pro-api","timestamp":"2025-06-30 04:56:09"}
{"level":"info","message":"LocalBrand Pro server running on port 5000","service":"localbrand-pro-api","timestamp":"2025-06-30 04:56:09"}
{"level":"info","message":"Environment: production","service":"localbrand-pro-api","timestamp":"2025-06-30 04:56:09"}
